{"message":"'p' is required","level":"error"}
{"message":"'p' is required","level":"error"}
{"message":"'p' is required","level":"error"}
{"message":"'p' is required","level":"error"}
{"message":"'private' is required","level":"error"}
{"message":"'private' is required","level":"error"}
{"message":"quiz with id 1 created","level":"info"}
{"message":"quiz with id 2 created","level":"info"}
{"message":"quiz with id 1 created","level":"info"}
{"message":"quiz with id 2 created","level":"info"}
{"message":"quiz with id 3 created","level":"info"}
{"message":"quizID is required","level":"error"}
{"message":"quiz with id 1 created","level":"info"}
{"message":"question is required","level":"error"}
{"message":"quiz with id 2 created","level":"info"}
{"message":"quiz with id 3 created","level":"info"}
{"message":"quiz with id 4 created","level":"info"}
{"message":"quiz with id 1 created","level":"info"}
{"message":"quiz with id 2 created","level":"info"}
{"message":"quiz with id 3 created","level":"info"}
{"message":"quiz with id 4 created","level":"info"}
{"message":"quiz with id 5 created","level":"info"}
{"message":"quiz with id 6 created","level":"info"}
{"message":"quiz with id 7 created","level":"info"}
{"message":"quizID is required","level":"error"}
{"message":"quiz with id 1 created","level":"info"}
{"message":"quizID is required","level":"error"}
{"message":"quiz with id 2 created","level":"info"}
{"message":"quiz_id is required","level":"error"}
{"message":"quiz with id 3 created","level":"info"}
{"message":"question with id 1 created","level":"info"}
{"message":"quiz with key 2 does not exist","level":"error"}
{"message":"question with quiz_id 1dfaf1b3-1b00-4619-863c-04b417742a23 not found.","level":"error"}
{"message":"quiz with key 1dfaf1b3-1b00-4619-863c-04b417742a23 does not exist","level":"error"}
{"message":"quiz with id 1 created","level":"info"}
{"message":"question is required","level":"error"}
{"message":"quiz with id 1 created","level":"info"}
{"message":"question is required","level":"error"}
{"message":"question is required","level":"error"}
{"message":"question with quiz_id 3a817372-ca80-4e5d-9305-4fe0e5f7c8ed not found.","level":"error"}
{"message":"quiz with id 2 created","level":"info"}
{"message":"answers is required","level":"error"}
{"message":"answers is required","level":"error"}
{"message":"quiz with id 3 created","level":"info"}
{"message":"question with id 1 created","level":"info"}
{"message":"question with id 2 created","level":"info"}
{"message":"Unauthorized request to path: /quiz","level":"error"}
{"message":"Unauthorized request to path: /quiz","level":"error"}
{"message":"Unauthorized request to path: /api/quiz","level":"error"}
{"message":"Unauthorized request to path: /api/quiz","level":"error"}
{"message":"Unauthorized request to path: /api/quiz","level":"error"}
{"message":"Unauthorized request to path: /api/quiz","level":"error"}
{"message":"Unauthorized request to path: /api/quiz","level":"error"}
{"message":"Unauthorized request to path: /api/quiz","level":"error"}
{"message":"Unauthorized request to path: /api/quiz","level":"error"}
{"message":"Unauthorized request to path: /api/quiz","level":"error"}
{"message":"Unauthorized request to path: /api/quiz","level":"error"}
{"message":"Unauthorized request to path: /api/quiz","level":"error"}
{"message":"Unauthorized request to path: /api/quiz","level":"error"}
{"message":"Unauthorized request to path: /api/quiz","level":"error"}
{"message":"Unauthorized request to path: /api/quiz","level":"error"}
{"message":"Unauthorized request to path: /api/quiz","level":"error"}
{"message":"Unauthorized request to path: /api/quiz","level":"error"}
{"message":"quiz with id 4 created","level":"info"}
{"message":"Unauthorized request to path: /api/questions","level":"error"}
{"message":"question with id 3 created","level":"info"}
{"message":"Unauthorized request to path: /api/quiz","level":"error"}
{"message":"Unauthorized request to path: /api/quiz","level":"error"}
{"message":"quiz with id 5 created","level":"info"}
{"message":"Unauthorized request to path: /api/questions","level":"error"}
{"message":"question with id 4 created","level":"info"}
{"message":"Unauthorized request to path: /api/quiz","level":"error"}
{"message":"Unauthorized request to path: /api/quiz","level":"error"}
{"message":"Unauthorized request to path: /api/quiz","level":"error"}
{"message":"Unauthorized request to path: /api/quiz","level":"error"}
{"message":"Unauthorized request to path: /api/quiz","level":"error"}
{"message":"Unauthorized request to path: /api/quiz","level":"error"}
{"message":"Unauthorized request to path: /api/quiz/key/53610d39-88e4-4f28-9378-f225015136b1","level":"error"}
{"message":"Unauthorized request to path: /api/questions/quiz/53610d39-88e4-4f28-9378-f225015136b1","level":"error"}
{"message":"Unauthorized request to path: /api/quiz","level":"error"}
{"message":"Unauthorized request to path: /api/quiz","level":"error"}
{"message":"Unauthorized request to path: /api/quiz","level":"error"}
{"message":"Unauthorized request to path: /api/quiz","level":"error"}
{"message":"Unauthorized request to path: /api/quiz","level":"error"}
{"message":"Unauthorized request to path: /api/quiz","level":"error"}
{"message":"Unauthorized request to path: /api/quiz","level":"error"}
{"message":"Unauthorized request to path: /api/quiz","level":"error"}
{"message":"Unauthorized request to path: /api/quiz","level":"error"}
{"message":"Unauthorized request to path: /api/quiz","level":"error"}
{"message":"Unauthorized request to path: /api/quiz","level":"error"}
{"message":"Unauthorized request to path: /api/quiz","level":"error"}
{"message":"Unauthorized request to path: /api/quiz","level":"error"}
{"message":"Unauthorized request to path: /api/quiz","level":"error"}
{"message":"Unauthorized request to path: /api/quiz","level":"error"}
{"message":"Unauthorized request to path: /api/quiz","level":"error"}
{"message":"Unauthorized request to path: /api/quiz","level":"error"}
{"message":"Unauthorized request to path: /api/quiz","level":"error"}
{"message":"Unauthorized request to path: /api/quiz","level":"error"}
{"message":"Unauthorized request to path: /api/quiz","level":"error"}
{"message":"Unauthorized request to path: /api/quiz","level":"error"}
{"message":"Unauthorized request to path: /api/quiz","level":"error"}
{"message":"Unauthorized request to path: /api/quiz","level":"error"}
{"message":"Unauthorized request to path: /api/quiz","level":"error"}
{"message":"Unauthorized request to path: /api/quiz","level":"error"}
{"message":"Unauthorized request to path: /api/quiz","level":"error"}
{"message":"Unauthorized request to path: /api/quiz","level":"error"}
{"message":"Unauthorized request to path: /api/quiz","level":"error"}
{"message":"Unauthorized request to path: /api/quiz","level":"error"}
{"message":"Unauthorized request to path: /api/quiz","level":"error"}
{"message":"Unauthorized request to path: /api/quiz","level":"error"}
{"message":"Unauthorized request to path: /api/quiz","level":"error"}
{"message":"Unauthorized request to path: /api/quiz","level":"error"}
{"message":"Unauthorized request to path: /api/quiz","level":"error"}
{"message":"Unauthorized request to path: /api/quiz","level":"error"}
{"message":"Unauthorized request to path: /api/quiz","level":"error"}
{"message":"Unauthorized request to path: /api/quiz","level":"error"}
{"message":"Unauthorized request to path: /api/quiz","level":"error"}
{"message":"Unauthorized request to path: /api/quiz","level":"error"}
{"message":"Unauthorized request to path: /api/quiz","level":"error"}
{"message":"Unauthorized request to path: /api/quiz","level":"error"}
{"message":"Unauthorized request to path: /api/quiz","level":"error"}
{"message":"Unauthorized request to path: /api/quiz","level":"error"}
{"message":"Unauthorized request to path: /api/quiz","level":"error"}
{"message":"Unauthorized request to path: /api/quiz","level":"error"}
{"message":"Unauthorized request to path: /api/quiz","level":"error"}
{"message":"Unauthorized request to path: /api/quiz","level":"error"}
{"message":"Unauthorized request to path: /api/quiz","level":"error"}
{"message":"Unauthorized request to path: /api/quiz","level":"error"}
{"message":"Unauthorized request to path: /api/quiz","level":"error"}
{"message":"Unauthorized request to path: /api/quiz/key/53610d39-88e4-4f28-9378-f225015136b1","level":"error"}
{"message":"Unauthorized request to path: /api/questions/quiz/53610d39-88e4-4f28-9378-f225015136b1","level":"error"}
{"message":"Unauthorized request to path: /api/quiz","level":"error"}
{"message":"Unauthorized request to path: /api/quiz/key/53610d39-88e4-4f28-9378-f225015136b1","level":"error"}
{"message":"Unauthorized request to path: /api/questions/quiz/53610d39-88e4-4f28-9378-f225015136b1","level":"error"}
{"message":"Unauthorized request to path: /api/quiz","level":"error"}
{"message":"Unauthorized request to path: /api/quiz/key/53610d39-88e4-4f28-9378-f225015136b1","level":"error"}
{"message":"Unauthorized request to path: /api/questions/quiz/53610d39-88e4-4f28-9378-f225015136b1","level":"error"}
{"message":"Unauthorized request to path: /api/quiz/key/53610d39-88e4-4f28-9378-f225015136b1","level":"error"}
{"message":"Unauthorized request to path: /api/questions/quiz/53610d39-88e4-4f28-9378-f225015136b1","level":"error"}
{"message":"Unauthorized request to path: /api/quiz","level":"error"}
{"message":"Unauthorized request to path: /api/quiz","level":"error"}
{"message":"Unauthorized request to path: /api/quiz","level":"error"}
{"message":"Unauthorized request to path: /api/quiz/key/53610d39-88e4-4f28-9378-f225015136b1","level":"error"}
{"message":"Unauthorized request to path: /api/questions/quiz/53610d39-88e4-4f28-9378-f225015136b1","level":"error"}
{"message":"Unauthorized request to path: /api/quiz","level":"error"}
{"message":"Unauthorized request to path: /api/quiz/key/53610d39-88e4-4f28-9378-f225015136b1","level":"error"}
{"message":"Unauthorized request to path: /api/questions/quiz/53610d39-88e4-4f28-9378-f225015136b1","level":"error"}
{"message":"Unauthorized request to path: /api/quiz","level":"error"}
{"message":"Unauthorized request to path: /api/quiz/key/53610d39-88e4-4f28-9378-f225015136b1","level":"error"}
{"message":"Unauthorized request to path: /api/questions/quiz/53610d39-88e4-4f28-9378-f225015136b1","level":"error"}
{"message":"Unauthorized request to path: /api/quiz","level":"error"}
{"message":"Unauthorized request to path: /api/quiz/key/53610d39-88e4-4f28-9378-f225015136b1","level":"error"}
{"message":"Unauthorized request to path: /api/questions/quiz/53610d39-88e4-4f28-9378-f225015136b1","level":"error"}
{"message":"Unauthorized request to path: /api/quiz","level":"error"}
{"message":"Unauthorized request to path: /api/quiz/key/53610d39-88e4-4f28-9378-f225015136b1","level":"error"}
{"message":"Unauthorized request to path: /api/questions/quiz/53610d39-88e4-4f28-9378-f225015136b1","level":"error"}
{"message":"Unauthorized request to path: /api/quiz","level":"error"}
{"message":"Unauthorized request to path: /api/quiz/key/53610d39-88e4-4f28-9378-f225015136b1","level":"error"}
{"message":"Unauthorized request to path: /api/questions/quiz/53610d39-88e4-4f28-9378-f225015136b1","level":"error"}
{"message":"Unauthorized request to path: /api/quiz","level":"error"}
{"message":"Unauthorized request to path: /api/quiz","level":"error"}
{"message":"Unauthorized request to path: /api/quiz","level":"error"}
{"message":"Unauthorized request to path: /api/quiz","level":"error"}
{"message":"Unauthorized request to path: /api/quiz","level":"error"}
{"message":"Unauthorized request to path: /api/quiz","level":"error"}
{"message":"Unauthorized request to path: /api/quiz","level":"error"}
{"message":"Unauthorized request to path: /api/quiz","level":"error"}
{"message":"Unauthorized request to path: /api/quiz","level":"error"}
{"message":"Unauthorized request to path: /api/quiz","level":"error"}
{"message":"Unauthorized request to path: /api/quiz","level":"error"}
{"message":"Unauthorized request to path: /api/quiz","level":"error"}
{"message":"Unauthorized request to path: /api/quiz","level":"error"}
{"message":"Unauthorized request to path: /api/quiz","level":"error"}
{"message":"Unauthorized request to path: /api/quiz","level":"error"}
{"message":"Unauthorized request to path: /api/quiz","level":"error"}
{"message":"Unauthorized request to path: /api/quiz","level":"error"}
{"message":"Unauthorized request to path: /api/quiz","level":"error"}
{"message":"Unauthorized request to path: /api/quiz","level":"error"}
{"message":"Unauthorized request to path: /api/quiz","level":"error"}
{"message":"Unauthorized request to path: /api/quiz","level":"error"}
{"message":"Unauthorized request to path: /api/quiz","level":"error"}
{"message":"Unauthorized request to path: /api/quiz","level":"error"}
{"message":"Unauthorized request to path: /api/quiz","level":"error"}
{"message":"Unauthorized request to path: /api/quiz","level":"error"}
{"message":"Unauthorized request to path: /api/quiz","level":"error"}
{"message":"Unauthorized request to path: /api/quiz","level":"error"}
{"message":"Unauthorized request to path: /api/quiz","level":"error"}
{"message":"Unauthorized request to path: /api/quiz","level":"error"}
{"message":"Unauthorized request to path: /api/quiz","level":"error"}
{"message":"Unauthorized request to path: /api/quiz","level":"error"}
{"message":"Unauthorized request to path: /api/quiz","level":"error"}
{"message":"Unauthorized request to path: /api/quiz","level":"error"}
{"message":"Unauthorized request to path: /api/quiz","level":"error"}
{"message":"Unauthorized request to path: /api/quiz","level":"error"}
{"message":"Unauthorized request to path: /api/quiz","level":"error"}
{"message":"Unauthorized request to path: /api/quiz","level":"error"}
{"message":"Unauthorized request to path: /api/quiz/key/3a817372-ca80-4e5d-9305-4fe0e5f7c8ed","level":"error"}
{"message":"Unauthorized request to path: /api/questions/quiz/3a817372-ca80-4e5d-9305-4fe0e5f7c8ed","level":"error"}
{"message":"Unauthorized request to path: /api/quiz","level":"error"}
{"message":"Unauthorized request to path: /api/quiz","level":"error"}
{"message":"Unauthorized request to path: /api/quiz","level":"error"}
{"message":"Unauthorized request to path: /api/quiz","level":"error"}
{"message":"quiz with id 6 created","level":"info"}
{"message":"Unauthorized request to path: /api/questions","level":"error"}
{"message":"question with id 5 created","level":"info"}
{"message":"Unauthorized request to path: /api/quiz","level":"error"}
{"message":"Unauthorized request to path: /api/quiz","level":"error"}
{"message":"quiz with id 7 created","level":"info"}
{"message":"Unauthorized request to path: /api/questions","level":"error"}
{"message":"question with id 6 created","level":"info"}
{"message":"Unauthorized request to path: /api/quiz/key/8a098e39-33f3-4e18-9986-e32e3e858e0c","level":"error"}
{"message":"Unauthorized request to path: /api/questions/quiz/8a098e39-33f3-4e18-9986-e32e3e858e0c","level":"error"}
{"message":"Unauthorized request to path: /api/quiz","level":"error"}
{"message":"Unauthorized request to path: /api/quiz","level":"error"}
{"message":"Unauthorized request to path: /api/quiz","level":"error"}
{"message":"Unauthorized request to path: /api/quiz","level":"error"}
{"message":"Unauthorized request to path: /api/quiz","level":"error"}
{"message":"Unauthorized request to path: /api/quiz","level":"error"}
{"message":"Unauthorized request to path: /api/quiz/key/ff659685-0d28-43e0-942a-8e1e6c1d6087","level":"error"}
{"message":"Unauthorized request to path: /api/questions/quiz/ff659685-0d28-43e0-942a-8e1e6c1d6087","level":"error"}
{"message":"Unauthorized request to path: /api/quiz/key/ff659685-0d28-43e0-942a-8e1e6c1d6087","level":"error"}
{"message":"Unauthorized request to path: /api/questions/quiz/ff659685-0d28-43e0-942a-8e1e6c1d6087","level":"error"}
{"message":"Unauthorized request to path: /api/quiz","level":"error"}
{"message":"Unauthorized request to path: /api/quiz/key/ff659685-0d28-43e0-942a-8e1e6c1d6087","level":"error"}
{"message":"Unauthorized request to path: /api/questions/quiz/ff659685-0d28-43e0-942a-8e1e6c1d6087","level":"error"}
{"message":"Unauthorized request to path: /api/quiz","level":"error"}
{"message":"Unauthorized request to path: /api/quiz","level":"error"}
{"message":"Unauthorized request to path: /api/quiz/key/53610d39-88e4-4f28-9378-f225015136b1","level":"error"}
{"message":"Unauthorized request to path: /api/questions/quiz/53610d39-88e4-4f28-9378-f225015136b1","level":"error"}
{"message":"Unauthorized request to path: /api/quiz","level":"error"}
{"message":"Unauthorized request to path: /api/quiz","level":"error"}
{"message":"Unauthorized request to path: /api/quiz","level":"error"}
{"message":"Unauthorized request to path: /api/quiz","level":"error"}
{"message":"Unauthorized request to path: /api/quiz/key/66b4a6ec-88a6-46ff-b6e4-2a96ec3d6c4f","level":"error"}
{"message":"Unauthorized request to path: /api/questions/quiz/66b4a6ec-88a6-46ff-b6e4-2a96ec3d6c4f","level":"error"}
{"message":"Unauthorized request to path: /api/quiz","level":"error"}
{"message":"Unauthorized request to path: /api/quiz","level":"error"}
{"message":"Unauthorized request to path: /api/quiz","level":"error"}
{"message":"Unauthorized request to path: /api/quiz","level":"error"}
{"message":"Unauthorized request to path: /api/quiz","level":"error"}
{"message":"Unauthorized request to path: /api/quiz","level":"error"}
{"message":"Unauthorized request to path: /api/quiz","level":"error"}
{"message":"Unauthorized request to path: /api/quiz/key/8a098e39-33f3-4e18-9986-e32e3e858e0c","level":"error"}
{"message":"Unauthorized request to path: /api/questions/quiz/8a098e39-33f3-4e18-9986-e32e3e858e0c","level":"error"}
{"message":"Unauthorized request to path: /api/quiz/key/8a098e39-33f3-4e18-9986-e32e3e858e0c","level":"error"}
{"message":"Unauthorized request to path: /api/questions/quiz/8a098e39-33f3-4e18-9986-e32e3e858e0c","level":"error"}
{"message":"Unauthorized request to path: /api/quiz","level":"error"}
{"message":"quiz with id 8 created","level":"info"}
{"message":"Unauthorized request to path: /api/questions","level":"error"}
{"message":"Unauthorized request to path: /api/questions","level":"error"}
{"message":"question with id 7 created","level":"info"}
{"message":"question with id 8 created","level":"info"}
{"message":"Unauthorized request to path: /api/quiz/key/500d929e-f425-4374-ad57-2ad094b4ea39","level":"error"}
{"message":"Unauthorized request to path: /api/questions/quiz/500d929e-f425-4374-ad57-2ad094b4ea39","level":"error"}
{"message":"Unauthorized request to path: /api/quiz","level":"error"}
{"message":"Unauthorized request to path: /api/quiz","level":"error"}
{"message":"Unauthorized request to path: /api/quiz","level":"error"}
{"message":"Unauthorized request to path: /api/quiz","level":"error"}
{"message":"Unauthorized request to path: /api/quiz","level":"error"}
{"message":"Unauthorized request to path: /api/quiz","level":"error"}
{"message":"Unauthorized request to path: /api/quiz","level":"error"}
{"message":"Unauthorized request to path: /api/quiz","level":"error"}
{"message":"Unauthorized request to path: /api/quiz","level":"error"}
{"message":"Unauthorized request to path: /api/quiz","level":"error"}
{"message":"Unauthorized request to path: /api/quiz","level":"error"}
{"message":"Unauthorized request to path: /api/quiz","level":"error"}
{"message":"Unauthorized request to path: /api/quiz","level":"error"}
{"message":"Unauthorized request to path: /api/quiz","level":"error"}
{"message":"Unauthorized request to path: /api/quiz","level":"error"}
{"message":"Unauthorized request to path: /api/quiz","level":"error"}
{"message":"Unauthorized request to path: /api/quiz","level":"error"}
{"message":"Unauthorized request to path: /api/quiz","level":"error"}
{"message":"Unauthorized request to path: /api/quiz","level":"error"}
{"message":"Unauthorized request to path: /api/quiz","level":"error"}
{"message":"Unauthorized request to path: /api/quiz","level":"error"}
{"message":"Unauthorized request to path: /api/quiz","level":"error"}
{"message":"Unauthorized request to path: /api/quiz","level":"error"}
{"message":"Unauthorized request to path: /api/quiz","level":"error"}
{"message":"Unauthorized request to path: /api/quiz","level":"error"}
{"message":"Unauthorized request to path: /api/quiz","level":"error"}
{"message":"Unauthorized request to path: /api/quiz","level":"error"}
{"message":"Unauthorized request to path: /api/quiz","level":"error"}
{"message":"Unauthorized request to path: /api/quiz","level":"error"}
{"message":"Unauthorized request to path: /api/quiz","level":"error"}
{"message":"Unauthorized request to path: /api/quiz","level":"error"}
{"message":"Unauthorized request to path: /api/quiz","level":"error"}
{"message":"Unauthorized request to path: /api/quiz","level":"error"}
{"message":"Unauthorized request to path: /api/quiz","level":"error"}
{"message":"Unauthorized request to path: /api/quiz","level":"error"}
{"message":"Unauthorized request to path: /api/quiz","level":"error"}
{"message":"Unauthorized request to path: /api/quiz","level":"error"}
{"message":"Unauthorized request to path: /api/quiz","level":"error"}
{"message":"Unauthorized request to path: /api/quiz","level":"error"}
{"message":"Unauthorized request to path: /api/quiz","level":"error"}
{"message":"Unauthorized request to path: /api/quiz","level":"error"}
{"message":"Unauthorized request to path: /api/quiz","level":"error"}
{"message":"Unauthorized request to path: /api/quiz","level":"error"}
{"message":"Unauthorized request to path: /api/quiz","level":"error"}
{"message":"Unauthorized request to path: /api/quiz","level":"error"}
{"message":"Unauthorized request to path: /api/quiz","level":"error"}
{"message":"Unauthorized request to path: /api/quiz","level":"error"}
{"message":"Unauthorized request to path: /api/quiz","level":"error"}
{"message":"Unauthorized request to path: /api/quiz","level":"error"}
{"message":"Unauthorized request to path: /api/quiz","level":"error"}
{"message":"Unauthorized request to path: /api/quiz","level":"error"}
{"message":"Unauthorized request to path: /api/quiz","level":"error"}
{"message":"Unauthorized request to path: /api/quiz","level":"error"}
{"message":"Unauthorized request to path: /api/quiz","level":"error"}
{"message":"Unauthorized request to path: /api/quiz","level":"error"}
{"message":"Unauthorized request to path: /api/quiz","level":"error"}
{"message":"'category' is required","level":"error"}
{"message":"Unauthorized request to path: /api/quiz","level":"error"}
{"message":"Unauthorized request to path: /api/quiz","level":"error"}
{"message":"Unauthorized request to path: /api/quiz","level":"error"}
{"message":"quiz with id 1 created","level":"info"}
{"message":"Unauthorized request to path: /api/questions","level":"error"}
{"message":"question with id 1 created","level":"info"}
{"message":"Unauthorized request to path: /api/quiz","level":"error"}
{"message":"Unauthorized request to path: /api/quiz","level":"error"}
{"message":"Unauthorized request to path: /api/quiz","level":"error"}
{"message":"Unauthorized request to path: /api/quiz","level":"error"}
{"message":"Unauthorized request to path: /api/quiz","level":"error"}
{"message":"Unauthorized request to path: /api/quiz","level":"error"}
{"message":"Unauthorized request to path: /api/quiz","level":"error"}
{"message":"Unauthorized request to path: /api/quiz","level":"error"}
{"message":"Unauthorized request to path: /api/quiz","level":"error"}
{"message":"Unauthorized request to path: /api/quiz","level":"error"}
{"message":"Unauthorized request to path: /api/quiz","level":"error"}
{"message":"Unauthorized request to path: /api/quiz","level":"error"}
{"message":"Unauthorized request to path: /api/quiz","level":"error"}
{"message":"Unauthorized request to path: /api/quiz","level":"error"}
{"message":"Unauthorized request to path: /api/quiz","level":"error"}
{"message":"Unauthorized request to path: /api/quiz","level":"error"}
{"message":"Unauthorized request to path: /api/quiz","level":"error"}
{"message":"Unauthorized request to path: /api/quiz","level":"error"}
{"message":"Unauthorized request to path: /api/quiz","level":"error"}
{"message":"Unauthorized request to path: /api/quiz","level":"error"}
{"message":"Unauthorized request to path: /api/quiz","level":"error"}
{"message":"Unauthorized request to path: /api/quiz","level":"error"}
{"message":"Unauthorized request to path: /api/quiz","level":"error"}
{"message":"Unauthorized request to path: /api/quiz","level":"error"}
{"message":"Unauthorized request to path: /api/quiz","level":"error"}
{"message":"Unauthorized request to path: /api/quiz","level":"error"}
{"message":"Unauthorized request to path: /api/quiz","level":"error"}
{"message":"Unauthorized request to path: /api/quiz","level":"error"}
{"message":"Unauthorized request to path: /api/quiz","level":"error"}
{"message":"Unauthorized request to path: /api/quiz","level":"error"}
{"message":"Unauthorized request to path: /api/quiz","level":"error"}
{"message":"Unauthorized request to path: /api/quiz","level":"error"}
{"message":"Unauthorized request to path: /api/quiz","level":"error"}
{"message":"Unauthorized request to path: /api/quiz","level":"error"}
{"message":"Unauthorized request to path: /api/quiz","level":"error"}
{"message":"Unauthorized request to path: /api/quiz","level":"error"}
{"message":"Unauthorized request to path: /api/quiz","level":"error"}
{"message":"Unauthorized request to path: /api/quiz","level":"error"}
{"message":"Unauthorized request to path: /api/quiz","level":"error"}
{"message":"Unauthorized request to path: /api/quiz","level":"error"}
{"message":"Unauthorized request to path: /api/quiz","level":"error"}
{"message":"Unauthorized request to path: /api/quiz","level":"error"}
{"message":"Unauthorized request to path: /api/quiz","level":"error"}
{"message":"Unauthorized request to path: /api/quiz","level":"error"}
{"message":"Unauthorized request to path: /api/quiz","level":"error"}
{"message":"Unauthorized request to path: /api/quiz","level":"error"}
{"message":"Unauthorized request to path: /api/quiz","level":"error"}
{"message":"Unauthorized request to path: /api/quiz","level":"error"}
{"message":"Unauthorized request to path: /api/quiz","level":"error"}
{"message":"Unauthorized request to path: /api/quiz","level":"error"}
{"message":"Unauthorized request to path: /api/quiz","level":"error"}
{"message":"Unauthorized request to path: /api/quiz","level":"error"}
{"message":"Unauthorized request to path: /api/quiz","level":"error"}
{"message":"Unauthorized request to path: /api/quiz","level":"error"}
{"message":"Unauthorized request to path: /api/quiz","level":"error"}
{"message":"Unauthorized request to path: /api/quiz","level":"error"}
{"message":"Unauthorized request to path: /api/quiz","level":"error"}
{"message":"Unauthorized request to path: /api/quiz","level":"error"}
{"message":"Unauthorized request to path: /api/quiz","level":"error"}
{"message":"Unauthorized request to path: /api/quiz","level":"error"}
{"message":"Unauthorized request to path: /api/quiz","level":"error"}
{"message":"Unauthorized request to path: /api/quiz","level":"error"}
{"message":"Unauthorized request to path: /api/quiz","level":"error"}
{"message":"Unauthorized request to path: /api/quiz","level":"error"}
{"message":"Unauthorized request to path: /api/quiz","level":"error"}
{"message":"Unauthorized request to path: /api/quiz","level":"error"}
{"message":"Unauthorized request to path: /api/quiz","level":"error"}
{"message":"Unauthorized request to path: /api/quiz","level":"error"}
{"message":"Unauthorized request to path: /api/quiz","level":"error"}
{"message":"Unauthorized request to path: /api/quiz","level":"error"}
{"message":"Unauthorized request to path: /api/quiz","level":"error"}
{"message":"Unauthorized request to path: /api/quiz","level":"error"}
{"message":"Unauthorized request to path: /api/quiz","level":"error"}
{"message":"Unauthorized request to path: /api/quiz","level":"error"}
{"message":"Unauthorized request to path: /api/quiz","level":"error"}
{"message":"Unauthorized request to path: /api/quiz","level":"error"}
{"message":"Unauthorized request to path: /api/quiz","level":"error"}
{"message":"Unauthorized request to path: /api/quiz","level":"error"}
{"message":"Unauthorized request to path: /api/quiz","level":"error"}
{"message":"Unauthorized request to path: /api/quiz","level":"error"}
{"message":"Unauthorized request to path: /api/quiz","level":"error"}
{"message":"Unauthorized request to path: /api/quiz","level":"error"}
{"message":"Unauthorized request to path: /api/quiz","level":"error"}
{"message":"Unauthorized request to path: /api/quiz","level":"error"}
{"message":"Unauthorized request to path: /api/quiz","level":"error"}
{"message":"Unauthorized request to path: /api/quiz","level":"error"}
{"message":"Unauthorized request to path: /api/quiz","level":"error"}
{"message":"Unauthorized request to path: /api/quiz","level":"error"}
{"message":"Unauthorized request to path: /api/quiz","level":"error"}
{"message":"Unauthorized request to path: /api/quiz","level":"error"}
{"message":"Unauthorized request to path: /api/quiz","level":"error"}
{"message":"Unauthorized request to path: /api/quiz","level":"error"}
{"message":"Unauthorized request to path: /api/quiz","level":"error"}
{"message":"Unauthorized request to path: /api/quiz","level":"error"}
{"message":"Unauthorized request to path: /api/quiz","level":"error"}
{"message":"Unauthorized request to path: /api/quiz","level":"error"}
{"message":"Unauthorized request to path: /api/quiz","level":"error"}
{"message":"Unauthorized request to path: /api/quiz","level":"error"}
{"message":"Unauthorized request to path: /api/quiz","level":"error"}
{"message":"Unauthorized request to path: /api/quiz","level":"error"}
{"message":"Unauthorized request to path: /api/quiz","level":"error"}
{"message":"Unauthorized request to path: /api/quiz","level":"error"}
{"message":"Unauthorized request to path: /api/quiz","level":"error"}
{"message":"Unauthorized request to path: /api/quiz","level":"error"}
{"message":"Unauthorized request to path: /api/quiz","level":"error"}
{"message":"Unauthorized request to path: /api/quiz","level":"error"}
{"message":"Unauthorized request to path: /api/quiz","level":"error"}
{"message":"Unauthorized request to path: /api/quiz","level":"error"}
{"message":"Unauthorized request to path: /api/quiz","level":"error"}
{"message":"Unauthorized request to path: /api/quiz","level":"error"}
{"message":"Unauthorized request to path: /api/quiz","level":"error"}
{"message":"Unauthorized request to path: /api/quiz","level":"error"}
{"message":"Unauthorized request to path: /api/quiz","level":"error"}
{"message":"Unauthorized request to path: /api/quiz","level":"error"}
{"message":"Unauthorized request to path: /api/quiz","level":"error"}
{"message":"Unauthorized request to path: /api/quiz","level":"error"}
{"message":"Unauthorized request to path: /api/quiz","level":"error"}
{"message":"Unauthorized request to path: /api/quiz","level":"error"}
{"message":"Unauthorized request to path: /api/quiz","level":"error"}
{"message":"Unauthorized request to path: /api/quiz","level":"error"}
{"message":"Unauthorized request to path: /api/quiz","level":"error"}
{"message":"Unauthorized request to path: /api/quiz","level":"error"}
{"message":"Unauthorized request to path: /api/quiz","level":"error"}
{"message":"Unauthorized request to path: /api/quiz","level":"error"}
{"message":"Unauthorized request to path: /api/quiz","level":"error"}
{"message":"Unauthorized request to path: /api/quiz","level":"error"}
{"message":"Unauthorized request to path: /api/quiz","level":"error"}
{"message":"Unauthorized request to path: /api/quiz","level":"error"}
{"message":"Unauthorized request to path: /api/quiz","level":"error"}
{"message":"Unauthorized request to path: /api/quiz","level":"error"}
{"message":"Unauthorized request to path: /api/quiz","level":"error"}
{"message":"Unauthorized request to path: /api/quiz","level":"error"}
{"message":"Unauthorized request to path: /api/quiz","level":"error"}
{"message":"Unauthorized request to path: /api/quiz","level":"error"}
{"message":"Unauthorized request to path: /api/quiz","level":"error"}
{"message":"Unauthorized request to path: /api/quiz","level":"error"}
{"message":"Unauthorized request to path: /api/quiz","level":"error"}
{"message":"Unauthorized request to path: /api/quiz","level":"error"}
{"message":"Unauthorized request to path: /api/quiz","level":"error"}
{"message":"Unauthorized request to path: /api/quiz","level":"error"}
{"message":"Unauthorized request to path: /api/quiz","level":"error"}
{"message":"Unauthorized request to path: /api/quiz","level":"error"}
{"message":"Unauthorized request to path: /api/quiz","level":"error"}
{"message":"Unauthorized request to path: /api/quiz","level":"error"}
{"message":"Unauthorized request to path: /api/quiz","level":"error"}
{"message":"Unauthorized request to path: /api/quiz","level":"error"}
{"message":"Unauthorized request to path: /api/quiz","level":"error"}
{"message":"Unauthorized request to path: /api/quiz","level":"error"}
{"message":"Unauthorized request to path: /api/quiz","level":"error"}
{"message":"Unauthorized request to path: /api/quiz","level":"error"}
{"message":"Unauthorized request to path: /api/quiz","level":"error"}
{"message":"Unauthorized request to path: /api/quiz","level":"error"}
{"message":"Unauthorized request to path: /api/quiz","level":"error"}
{"message":"Unauthorized request to path: /api/quiz","level":"error"}
{"message":"Unauthorized request to path: /api/quiz","level":"error"}
{"message":"Unauthorized request to path: /api/quiz","level":"error"}
{"message":"Unauthorized request to path: /api/quiz","level":"error"}
{"message":"Unauthorized request to path: /api/quiz","level":"error"}
{"message":"Unauthorized request to path: /api/quiz","level":"error"}
{"message":"Unauthorized request to path: /api/quiz","level":"error"}
{"message":"Unauthorized request to path: /api/quiz","level":"error"}
{"message":"Unauthorized request to path: /api/quiz","level":"error"}
{"message":"Unauthorized request to path: /api/quiz","level":"error"}
{"message":"Unauthorized request to path: /api/quiz","level":"error"}
{"message":"Unauthorized request to path: /api/quiz","level":"error"}
{"message":"Unauthorized request to path: /api/quiz","level":"error"}
{"message":"Unauthorized request to path: /api/quiz","level":"error"}
{"message":"Unauthorized request to path: /api/quiz","level":"error"}
{"message":"Unauthorized request to path: /api/quiz","level":"error"}
{"message":"Unauthorized request to path: /api/quiz","level":"error"}
{"message":"Unauthorized request to path: /api/quiz","level":"error"}
{"message":"Unauthorized request to path: /api/quiz","level":"error"}
{"message":"Unauthorized request to path: /api/quiz","level":"error"}
{"message":"Unauthorized request to path: /api/quiz","level":"error"}
{"message":"Unauthorized request to path: /api/quiz","level":"error"}
{"message":"Unauthorized request to path: /api/quiz","level":"error"}
{"message":"Unauthorized request to path: /api/quiz","level":"error"}
{"message":"Unauthorized request to path: /api/quiz","level":"error"}
{"message":"Unauthorized request to path: /api/quiz","level":"error"}
{"message":"Unauthorized request to path: /api/quiz","level":"error"}
{"message":"Unauthorized request to path: /api/quiz","level":"error"}
{"message":"Unauthorized request to path: /api/quiz","level":"error"}
{"message":"Unauthorized request to path: /api/quiz","level":"error"}
{"message":"Unauthorized request to path: /api/quiz","level":"error"}
{"message":"Unauthorized request to path: /api/quiz","level":"error"}
{"message":"Unauthorized request to path: /api/quiz","level":"error"}
{"message":"Unauthorized request to path: /api/quiz","level":"error"}
{"message":"Unauthorized request to path: /api/quiz","level":"error"}
{"message":"Unauthorized request to path: /api/quiz","level":"error"}
{"message":"Unauthorized request to path: /api/quiz","level":"error"}
{"message":"Unauthorized request to path: /api/quiz","level":"error"}
{"message":"Unauthorized request to path: /api/quiz","level":"error"}
{"message":"Unauthorized request to path: /api/quiz","level":"error"}
{"message":"Unauthorized request to path: /api/quiz","level":"error"}
{"message":"Unauthorized request to path: /api/quiz","level":"error"}
{"message":"Unauthorized request to path: /api/quiz","level":"error"}
{"message":"Unauthorized request to path: /api/quiz","level":"error"}
{"message":"Unauthorized request to path: /api/quiz","level":"error"}
{"message":"Unauthorized request to path: /api/quiz","level":"error"}
{"message":"Unauthorized request to path: /api/quiz","level":"error"}
{"message":"Unauthorized request to path: /api/quiz","level":"error"}
{"message":"Unauthorized request to path: /api/quiz","level":"error"}
{"message":"Unauthorized request to path: /api/quiz","level":"error"}
{"message":"Unauthorized request to path: /api/quiz","level":"error"}
{"message":"Unauthorized request to path: /api/quiz","level":"error"}
{"message":"Unauthorized request to path: /api/quiz","level":"error"}
{"message":"Unauthorized request to path: /api/quiz","level":"error"}
{"message":"Unauthorized request to path: /api/quiz","level":"error"}
{"message":"Unauthorized request to path: /api/quiz","level":"error"}
{"message":"Unauthorized request to path: /api/quiz","level":"error"}
{"message":"Unauthorized request to path: /api/quiz","level":"error"}
{"message":"Unauthorized request to path: /api/quiz","level":"error"}
{"message":"Unauthorized request to path: /api/quiz","level":"error"}
{"message":"Unauthorized request to path: /api/quiz","level":"error"}
{"message":"Unauthorized request to path: /api/quiz","level":"error"}
{"message":"Unauthorized request to path: /api/quiz","level":"error"}
{"message":"Unauthorized request to path: /api/quiz","level":"error"}
{"message":"Unauthorized request to path: /api/quiz","level":"error"}
{"message":"Unauthorized request to path: /api/quiz","level":"error"}
{"message":"Unauthorized request to path: /api/quiz","level":"error"}
{"message":"Unauthorized request to path: /api/quiz","level":"error"}
{"message":"Unauthorized request to path: /api/quiz","level":"error"}
{"message":"Unauthorized request to path: /api/quiz","level":"error"}
{"message":"Unauthorized request to path: /api/quiz","level":"error"}
{"message":"Unauthorized request to path: /api/quiz","level":"error"}
{"message":"Unauthorized request to path: /api/quiz","level":"error"}
{"message":"Unauthorized request to path: /api/quiz","level":"error"}
{"message":"Unauthorized request to path: /api/quiz","level":"error"}
{"message":"Unauthorized request to path: /api/quiz","level":"error"}
{"message":"Unauthorized request to path: /api/quiz","level":"error"}
{"message":"Unauthorized request to path: /api/quiz","level":"error"}
{"message":"Unauthorized request to path: /api/quiz","level":"error"}
{"message":"Unauthorized request to path: /api/quiz","level":"error"}
{"message":"Unauthorized request to path: /api/quiz","level":"error"}
{"message":"Unauthorized request to path: /api/quiz","level":"error"}
{"message":"Unauthorized request to path: /api/quiz","level":"error"}
{"message":"Unauthorized request to path: /api/quiz","level":"error"}
{"message":"Unauthorized request to path: /api/quiz","level":"error"}
{"message":"Unauthorized request to path: /api/quiz","level":"error"}
{"message":"Unauthorized request to path: /api/quiz","level":"error"}
{"message":"Unauthorized request to path: /api/quiz","level":"error"}
{"message":"Unauthorized request to path: /api/quiz","level":"error"}
{"message":"Unauthorized request to path: /api/quiz","level":"error"}
{"message":"Unauthorized request to path: /api/quiz","level":"error"}
{"message":"Unauthorized request to path: /api/quiz","level":"error"}
{"message":"Unauthorized request to path: /api/quiz","level":"error"}
{"message":"Unauthorized request to path: /api/quiz","level":"error"}
{"message":"Unauthorized request to path: /api/quiz","level":"error"}
{"message":"Unauthorized request to path: /api/quiz","level":"error"}
{"message":"Unauthorized request to path: /api/quiz","level":"error"}
{"message":"Unauthorized request to path: /api/quiz","level":"error"}
{"message":"Unauthorized request to path: /api/quiz","level":"error"}
{"message":"Unauthorized request to path: /api/quiz","level":"error"}
{"message":"Unauthorized request to path: /api/quiz","level":"error"}
{"message":"Unauthorized request to path: /api/quiz","level":"error"}
{"message":"Unauthorized request to path: /api/quiz","level":"error"}
{"message":"Unauthorized request to path: /api/quiz","level":"error"}
{"message":"Unauthorized request to path: /api/quiz","level":"error"}
{"message":"Unauthorized request to path: /api/quiz","level":"error"}
{"message":"Unauthorized request to path: /api/quiz","level":"error"}
{"message":"Unauthorized request to path: /api/quiz","level":"error"}
{"message":"Unauthorized request to path: /api/quiz","level":"error"}
{"message":"Unauthorized request to path: /api/quiz","level":"error"}
{"message":"Unauthorized request to path: /api/quiz","level":"error"}
{"message":"Unauthorized request to path: /api/quiz","level":"error"}
{"message":"Unauthorized request to path: /api/quiz","level":"error"}
{"message":"Unauthorized request to path: /api/quiz","level":"error"}
{"message":"Unauthorized request to path: /api/quiz","level":"error"}
{"message":"Unauthorized request to path: /api/quiz","level":"error"}
{"message":"Unauthorized request to path: /api/quiz","level":"error"}
{"message":"Unauthorized request to path: /api/quiz","level":"error"}
{"message":"Unauthorized request to path: /api/quiz","level":"error"}
{"message":"Unauthorized request to path: /api/quiz","level":"error"}
{"message":"Unauthorized request to path: /api/quiz","level":"error"}
{"message":"Unauthorized request to path: /api/quiz","level":"error"}
{"message":"Unauthorized request to path: /api/quiz","level":"error"}
{"message":"Unauthorized request to path: /api/quiz","level":"error"}
{"message":"Unauthorized request to path: /api/quiz","level":"error"}
{"message":"Unauthorized request to path: /api/quiz","level":"error"}
{"message":"Unauthorized request to path: /api/quiz","level":"error"}
{"message":"Unauthorized request to path: /api/quiz","level":"error"}
{"message":"Unauthorized request to path: /api/quiz","level":"error"}
{"message":"Unauthorized request to path: /api/quiz","level":"error"}
{"message":"Unauthorized request to path: /api/quiz","level":"error"}
{"message":"Unauthorized request to path: /api/quiz","level":"error"}
{"message":"Unauthorized request to path: /api/quiz","level":"error"}
{"message":"Unauthorized request to path: /api/quiz","level":"error"}
{"message":"Unauthorized request to path: /api/quiz","level":"error"}
{"message":"Unauthorized request to path: /api/quiz","level":"error"}
{"message":"Unauthorized request to path: /api/quiz","level":"error"}
{"message":"Unauthorized request to path: /api/quiz","level":"error"}
{"message":"Unauthorized request to path: /api/quiz","level":"error"}
{"message":"Unauthorized request to path: /api/quiz","level":"error"}
{"message":"Unauthorized request to path: /api/quiz","level":"error"}
{"message":"Unauthorized request to path: /api/quiz","level":"error"}
{"message":"Unauthorized request to path: /api/quiz","level":"error"}
{"message":"Unauthorized request to path: /api/quiz","level":"error"}
{"message":"Unauthorized request to path: /api/quiz","level":"error"}
{"message":"Unauthorized request to path: /api/quiz","level":"error"}
{"message":"Unauthorized request to path: /api/quiz","level":"error"}
{"message":"Unauthorized request to path: /api/quiz","level":"error"}
{"message":"Unauthorized request to path: /api/quiz","level":"error"}
{"message":"Unauthorized request to path: /api/quiz","level":"error"}
{"message":"Unauthorized request to path: /api/quiz","level":"error"}
{"message":"Unauthorized request to path: /api/quiz","level":"error"}
{"message":"Unauthorized request to path: /api/quiz","level":"error"}
{"message":"Unauthorized request to path: /api/quiz","level":"error"}
{"message":"Unauthorized request to path: /api/quiz","level":"error"}
{"message":"Unauthorized request to path: /api/quiz","level":"error"}
{"message":"Unauthorized request to path: /api/quiz","level":"error"}
{"message":"Unauthorized request to path: /api/quiz","level":"error"}
{"message":"Unauthorized request to path: /api/quiz","level":"error"}
{"message":"Unauthorized request to path: /api/quiz","level":"error"}
{"message":"Unauthorized request to path: /api/quiz","level":"error"}
{"message":"Unauthorized request to path: /api/quiz","level":"error"}
{"message":"Unauthorized request to path: /api/quiz","level":"error"}
{"message":"Unauthorized request to path: /api/quiz","level":"error"}
{"message":"Unauthorized request to path: /api/quiz","level":"error"}
{"message":"Unauthorized request to path: /api/quiz","level":"error"}
{"message":"Unauthorized request to path: /api/quiz","level":"error"}
{"message":"Unauthorized request to path: /api/quiz","level":"error"}
{"message":"Unauthorized request to path: /api/quiz","level":"error"}
{"message":"Unauthorized request to path: /api/quiz","level":"error"}
{"message":"Unauthorized request to path: /api/quiz","level":"error"}
{"message":"Unauthorized request to path: /api/quiz","level":"error"}
{"message":"Unauthorized request to path: /api/quiz","level":"error"}
{"message":"Unauthorized request to path: /api/quiz","level":"error"}
{"message":"Unauthorized request to path: /api/quiz","level":"error"}
{"message":"Unauthorized request to path: /api/quiz","level":"error"}
{"message":"Unauthorized request to path: /api/quiz","level":"error"}
{"message":"Unauthorized request to path: /api/quiz","level":"error"}
{"message":"Unauthorized request to path: /api/quiz","level":"error"}
{"message":"Unauthorized request to path: /api/quiz","level":"error"}
{"message":"Unauthorized request to path: /api/quiz","level":"error"}
{"message":"Unauthorized request to path: /api/quiz","level":"error"}
{"message":"Unauthorized request to path: /api/quiz","level":"error"}
{"message":"Unauthorized request to path: /api/quiz","level":"error"}
{"message":"Unauthorized request to path: /api/quiz","level":"error"}
{"message":"Unauthorized request to path: /api/quiz","level":"error"}
{"message":"Unauthorized request to path: /api/quiz","level":"error"}
{"message":"Unauthorized request to path: /api/quiz","level":"error"}
{"message":"Unauthorized request to path: /api/quiz","level":"error"}
{"message":"Unauthorized request to path: /api/quiz","level":"error"}
{"message":"Unauthorized request to path: /api/quiz","level":"error"}
{"message":"Unauthorized request to path: /api/quiz","level":"error"}
{"message":"Unauthorized request to path: /api/quiz","level":"error"}
{"message":"Unauthorized request to path: /api/quiz","level":"error"}
{"message":"Unauthorized request to path: /api/quiz","level":"error"}
{"message":"Unauthorized request to path: /api/quiz","level":"error"}
{"message":"Unauthorized request to path: /api/quiz","level":"error"}
{"message":"Unauthorized request to path: /api/quiz","level":"error"}
{"message":"Unauthorized request to path: /api/quiz","level":"error"}
{"message":"Unauthorized request to path: /api/quiz","level":"error"}
{"message":"Unauthorized request to path: /api/quiz","level":"error"}
{"message":"Unauthorized request to path: /api/quiz","level":"error"}
{"message":"Unauthorized request to path: /api/quiz","level":"error"}
{"message":"Unauthorized request to path: /api/quiz","level":"error"}
{"message":"Unauthorized request to path: /api/quiz","level":"error"}
{"message":"Unauthorized request to path: /api/quiz","level":"error"}
{"message":"Unauthorized request to path: /api/quiz","level":"error"}
{"message":"Unauthorized request to path: /api/quiz","level":"error"}
{"message":"Unauthorized request to path: /api/quiz","level":"error"}
{"message":"Unauthorized request to path: /api/quiz","level":"error"}
{"message":"Unauthorized request to path: /api/quiz","level":"error"}
{"message":"Unauthorized request to path: /api/quiz","level":"error"}
{"message":"Unauthorized request to path: /api/quiz","level":"error"}
{"message":"Unauthorized request to path: /api/quiz","level":"error"}
{"message":"Unauthorized request to path: /api/quiz","level":"error"}
{"message":"Unauthorized request to path: /api/quiz","level":"error"}
{"message":"Unauthorized request to path: /api/quiz","level":"error"}
{"message":"Unauthorized request to path: /api/quiz","level":"error"}
{"message":"Unauthorized request to path: /api/quiz","level":"error"}
{"message":"Unauthorized request to path: /api/quiz","level":"error"}
{"message":"Unauthorized request to path: /api/quiz","level":"error"}
{"message":"Unauthorized request to path: /api/quiz","level":"error"}
{"message":"Unauthorized request to path: /api/quiz","level":"error"}
{"message":"Unauthorized request to path: /api/quiz","level":"error"}
{"message":"Unauthorized request to path: /api/quiz","level":"error"}
{"message":"Unauthorized request to path: /api/quiz","level":"error"}
{"message":"Unauthorized request to path: /api/quiz","level":"error"}
{"message":"Unauthorized request to path: /api/quiz","level":"error"}
{"message":"Unauthorized request to path: /api/quiz","level":"error"}
{"message":"Unauthorized request to path: /api/quiz","level":"error"}
{"message":"Unauthorized request to path: /api/quiz","level":"error"}
{"message":"Unauthorized request to path: /api/quiz","level":"error"}
{"message":"Unauthorized request to path: /api/quiz","level":"error"}
{"message":"Unauthorized request to path: /api/quiz","level":"error"}
{"message":"Unauthorized request to path: /api/quiz","level":"error"}
{"message":"Unauthorized request to path: /api/quiz","level":"error"}
{"message":"Unauthorized request to path: /api/quiz","level":"error"}
{"message":"Unauthorized request to path: /api/quiz","level":"error"}
{"message":"Unauthorized request to path: /api/quiz","level":"error"}
{"message":"Unauthorized request to path: /api/quiz","level":"error"}
{"message":"Unauthorized request to path: /api/quiz","level":"error"}
{"message":"Unauthorized request to path: /api/quiz","level":"error"}
{"message":"Unauthorized request to path: /api/quiz","level":"error"}
{"message":"Unauthorized request to path: /api/quiz","level":"error"}
{"message":"Unauthorized request to path: /api/quiz","level":"error"}
{"message":"Unauthorized request to path: /api/quiz","level":"error"}
{"message":"Unauthorized request to path: /api/quiz","level":"error"}
{"message":"Unauthorized request to path: /api/quiz","level":"error"}
{"message":"Unauthorized request to path: /api/quiz","level":"error"}
{"message":"Unauthorized request to path: /api/quiz","level":"error"}
{"message":"Unauthorized request to path: /api/quiz","level":"error"}
{"message":"Unauthorized request to path: /api/quiz","level":"error"}
{"message":"Unauthorized request to path: /api/quiz","level":"error"}
{"message":"Unauthorized request to path: /api/quiz","level":"error"}
{"message":"Unauthorized request to path: /api/quiz","level":"error"}
{"message":"Unauthorized request to path: /api/quiz","level":"error"}
{"message":"Unauthorized request to path: /api/quiz","level":"error"}
{"message":"Unauthorized request to path: /api/quiz","level":"error"}
{"message":"Unauthorized request to path: /api/quiz","level":"error"}
{"message":"Unauthorized request to path: /api/quiz","level":"error"}
{"message":"Unauthorized request to path: /api/quiz","level":"error"}
{"message":"Unauthorized request to path: /api/quiz","level":"error"}
{"message":"Unauthorized request to path: /api/quiz","level":"error"}
{"message":"Unauthorized request to path: /api/quiz","level":"error"}
{"message":"Unauthorized request to path: /api/quiz","level":"error"}
{"message":"Unauthorized request to path: /api/quiz","level":"error"}
{"message":"Unauthorized request to path: /api/quiz","level":"error"}
{"message":"Unauthorized request to path: /api/quiz","level":"error"}
{"message":"Unauthorized request to path: /api/quiz","level":"error"}
{"message":"Unauthorized request to path: /api/quiz","level":"error"}
{"message":"Unauthorized request to path: /api/quiz","level":"error"}
{"message":"Unauthorized request to path: /api/quiz","level":"error"}
{"message":"Unauthorized request to path: /api/quiz","level":"error"}
{"message":"Unauthorized request to path: /api/quiz","level":"error"}
{"message":"Unauthorized request to path: /api/quiz","level":"error"}
{"message":"Unauthorized request to path: /api/quiz","level":"error"}
{"message":"Unauthorized request to path: /api/quiz","level":"error"}
{"message":"Unauthorized request to path: /api/quiz","level":"error"}
{"message":"Unauthorized request to path: /api/quiz","level":"error"}
{"message":"Unauthorized request to path: /api/quiz","level":"error"}
{"message":"Unauthorized request to path: /api/quiz","level":"error"}
{"message":"Unauthorized request to path: /api/quiz","level":"error"}
{"message":"Unauthorized request to path: /api/quiz","level":"error"}
{"message":"Unauthorized request to path: /api/quiz","level":"error"}
{"message":"Unauthorized request to path: /api/quiz","level":"error"}
{"message":"Unauthorized request to path: /api/quiz","level":"error"}
{"message":"Unauthorized request to path: /api/quiz","level":"error"}
{"message":"Unauthorized request to path: /api/quiz","level":"error"}
{"message":"Unauthorized request to path: /api/quiz","level":"error"}
{"message":"Unauthorized request to path: /api/quiz","level":"error"}
{"message":"Unauthorized request to path: /api/quiz","level":"error"}
{"message":"Unauthorized request to path: /api/quiz","level":"error"}
{"message":"Unauthorized request to path: /api/quiz","level":"error"}
{"message":"Unauthorized request to path: /api/quiz","level":"error"}
{"message":"Unauthorized request to path: /api/quiz","level":"error"}
{"message":"Unauthorized request to path: /api/quiz","level":"error"}
{"message":"Unauthorized request to path: /api/quiz","level":"error"}
{"message":"Unauthorized request to path: /api/quiz","level":"error"}
{"message":"Unauthorized request to path: /api/quiz","level":"error"}
{"message":"Unauthorized request to path: /api/quiz","level":"error"}
{"message":"Unauthorized request to path: /api/quiz","level":"error"}
{"message":"Unauthorized request to path: /api/quiz","level":"error"}
{"message":"Unauthorized request to path: /api/quiz","level":"error"}
{"message":"Unauthorized request to path: /api/quiz","level":"error"}
{"message":"Unauthorized request to path: /api/quiz","level":"error"}
{"message":"Unauthorized request to path: /api/quiz","level":"error"}
{"message":"Unauthorized request to path: /api/quiz","level":"error"}
{"message":"Unauthorized request to path: /api/quiz","level":"error"}
{"message":"Unauthorized request to path: /api/quiz","level":"error"}
{"message":"Unauthorized request to path: /api/quiz","level":"error"}
{"message":"Unauthorized request to path: /api/quiz","level":"error"}
{"message":"Unauthorized request to path: /api/quiz","level":"error"}
{"message":"Unauthorized request to path: /api/quiz","level":"error"}
{"message":"Unauthorized request to path: /api/quiz","level":"error"}
{"message":"Unauthorized request to path: /api/quiz","level":"error"}
{"message":"Unauthorized request to path: /api/quiz","level":"error"}
{"message":"Unauthorized request to path: /api/quiz","level":"error"}
{"message":"Unauthorized request to path: /api/quiz","level":"error"}
{"message":"Unauthorized request to path: /api/quiz","level":"error"}
{"message":"Unauthorized request to path: /api/quiz","level":"error"}
{"message":"Unauthorized request to path: /api/quiz","level":"error"}
{"message":"Unauthorized request to path: /api/quiz","level":"error"}
{"message":"Unauthorized request to path: /api/quiz","level":"error"}
{"message":"Unauthorized request to path: /api/quiz","level":"error"}
{"message":"Unauthorized request to path: /api/quiz","level":"error"}
{"message":"Unauthorized request to path: /api/quiz","level":"error"}
{"message":"Unauthorized request to path: /api/quiz","level":"error"}
{"message":"Unauthorized request to path: /api/quiz","level":"error"}
{"message":"Unauthorized request to path: /api/quiz","level":"error"}
{"message":"Unauthorized request to path: /api/quiz","level":"error"}
{"message":"Unauthorized request to path: /api/quiz","level":"error"}
{"message":"Unauthorized request to path: /api/quiz","level":"error"}
{"message":"Unauthorized request to path: /api/quiz","level":"error"}
{"message":"Unauthorized request to path: /api/quiz","level":"error"}
{"message":"Unauthorized request to path: /api/quiz","level":"error"}
{"message":"Unauthorized request to path: /api/quiz","level":"error"}
{"message":"Unauthorized request to path: /api/quiz","level":"error"}
{"message":"Unauthorized request to path: /api/quiz","level":"error"}
{"message":"Unauthorized request to path: /api/quiz","level":"error"}
{"message":"Unauthorized request to path: /api/quiz","level":"error"}
{"message":"Unauthorized request to path: /api/quiz","level":"error"}
{"message":"Unauthorized request to path: /api/quiz","level":"error"}
{"message":"Unauthorized request to path: /api/quiz","level":"error"}
{"message":"Unauthorized request to path: /api/quiz","level":"error"}
{"message":"Unauthorized request to path: /api/quiz","level":"error"}
{"message":"Unauthorized request to path: /api/quiz","level":"error"}
{"message":"Unauthorized request to path: /api/quiz","level":"error"}
{"message":"Unauthorized request to path: /api/quiz","level":"error"}
{"message":"Unauthorized request to path: /api/quiz","level":"error"}
{"message":"Unauthorized request to path: /api/quiz","level":"error"}
{"message":"Unauthorized request to path: /api/quiz","level":"error"}
{"message":"Unauthorized request to path: /api/quiz","level":"error"}
{"message":"Unauthorized request to path: /api/quiz","level":"error"}
{"message":"Unauthorized request to path: /api/quiz","level":"error"}
{"message":"Unauthorized request to path: /api/quiz","level":"error"}
{"message":"Unauthorized request to path: /api/quiz","level":"error"}
{"message":"Unauthorized request to path: /api/quiz","level":"error"}
{"message":"Unauthorized request to path: /api/quiz","level":"error"}
{"message":"Unauthorized request to path: /api/quiz","level":"error"}
{"message":"Unauthorized request to path: /api/quiz","level":"error"}
{"message":"Unauthorized request to path: /api/quiz","level":"error"}
{"message":"Unauthorized request to path: /api/quiz","level":"error"}
{"message":"Unauthorized request to path: /api/quiz","level":"error"}
{"message":"Unauthorized request to path: /api/quiz","level":"error"}
{"message":"Unauthorized request to path: /api/quiz","level":"error"}
{"message":"Unauthorized request to path: /api/quiz","level":"error"}
{"message":"Unauthorized request to path: /api/quiz","level":"error"}
{"message":"Unauthorized request to path: /api/quiz","level":"error"}
{"message":"Unauthorized request to path: /api/quiz","level":"error"}
{"message":"Unauthorized request to path: /api/quiz","level":"error"}
{"message":"Unauthorized request to path: /api/quiz","level":"error"}
{"message":"Unauthorized request to path: /api/quiz","level":"error"}
{"message":"Unauthorized request to path: /api/quiz","level":"error"}
{"message":"Unauthorized request to path: /api/quiz","level":"error"}
{"message":"Unauthorized request to path: /api/quiz","level":"error"}
{"message":"Unauthorized request to path: /api/quiz","level":"error"}
{"message":"Unauthorized request to path: /api/quiz","level":"error"}
{"message":"Unauthorized request to path: /api/quiz","level":"error"}
{"message":"Unauthorized request to path: /api/quiz","level":"error"}
{"message":"Unauthorized request to path: /api/quiz","level":"error"}
{"message":"Unauthorized request to path: /api/quiz","level":"error"}
{"message":"Unauthorized request to path: /api/quiz","level":"error"}
{"message":"Unauthorized request to path: /api/quiz","level":"error"}
{"message":"Unauthorized request to path: /api/quiz","level":"error"}
{"message":"Unauthorized request to path: /api/quiz","level":"error"}
{"message":"Unauthorized request to path: /api/quiz","level":"error"}
{"message":"Unauthorized request to path: /api/quiz","level":"error"}
{"message":"Unauthorized request to path: /api/quiz","level":"error"}
{"message":"Unauthorized request to path: /api/quiz","level":"error"}
{"message":"Unauthorized request to path: /api/quiz","level":"error"}
{"message":"Unauthorized request to path: /api/quiz","level":"error"}
{"message":"Unauthorized request to path: /api/quiz","level":"error"}
{"message":"Unauthorized request to path: /api/quiz","level":"error"}
{"message":"Unauthorized request to path: /api/quiz","level":"error"}
{"message":"Unauthorized request to path: /api/quiz","level":"error"}
{"message":"Unauthorized request to path: /api/quiz","level":"error"}
{"message":"Unauthorized request to path: /api/quiz","level":"error"}
{"message":"Unauthorized request to path: /api/quiz","level":"error"}
{"message":"Unauthorized request to path: /api/quiz","level":"error"}
{"message":"Unauthorized request to path: /api/quiz","level":"error"}
{"message":"Unauthorized request to path: /api/quiz","level":"error"}
{"message":"Unauthorized request to path: /api/quiz","level":"error"}
{"message":"Unauthorized request to path: /api/quiz","level":"error"}
{"message":"Unauthorized request to path: /api/quiz","level":"error"}
{"message":"Unauthorized request to path: /api/quiz","level":"error"}
{"message":"Unauthorized request to path: /api/quiz","level":"error"}
{"message":"Unauthorized request to path: /api/quiz","level":"error"}
{"message":"Unauthorized request to path: /api/quiz","level":"error"}
{"message":"Unauthorized request to path: /api/quiz","level":"error"}
{"message":"Unauthorized request to path: /api/quiz","level":"error"}
{"message":"Unauthorized request to path: /api/quiz","level":"error"}
{"message":"Unauthorized request to path: /api/quiz","level":"error"}
{"message":"Unauthorized request to path: /api/quiz","level":"error"}
{"message":"Unauthorized request to path: /api/quiz","level":"error"}
{"message":"Unauthorized request to path: /api/quiz","level":"error"}
{"message":"Unauthorized request to path: /api/quiz","level":"error"}
{"message":"Unauthorized request to path: /api/quiz","level":"error"}
{"message":"Unauthorized request to path: /api/quiz","level":"error"}
{"message":"Unauthorized request to path: /api/quiz","level":"error"}
{"message":"Unauthorized request to path: /api/quiz","level":"error"}
{"message":"Unauthorized request to path: /api/quiz","level":"error"}
{"message":"Unauthorized request to path: /api/quiz","level":"error"}
{"message":"Unauthorized request to path: /api/quiz","level":"error"}
{"message":"Unauthorized request to path: /api/quiz","level":"error"}
{"message":"Unauthorized request to path: /api/quiz","level":"error"}
{"message":"Unauthorized request to path: /api/quiz","level":"error"}
{"message":"Unauthorized request to path: /api/quiz","level":"error"}
{"message":"Unauthorized request to path: /api/quiz","level":"error"}
{"message":"Unauthorized request to path: /api/quiz","level":"error"}
{"message":"Unauthorized request to path: /api/quiz","level":"error"}
{"message":"Unauthorized request to path: /api/quiz","level":"error"}
{"message":"Unauthorized request to path: /api/quiz","level":"error"}
{"message":"Unauthorized request to path: /api/quiz","level":"error"}
{"message":"Unauthorized request to path: /api/quiz","level":"error"}
{"message":"Unauthorized request to path: /api/quiz","level":"error"}
{"message":"Unauthorized request to path: /api/quiz","level":"error"}
{"message":"Unauthorized request to path: /api/quiz","level":"error"}
{"message":"Unauthorized request to path: /api/quiz","level":"error"}
{"message":"Unauthorized request to path: /api/quiz","level":"error"}
{"message":"Unauthorized request to path: /api/quiz","level":"error"}
{"message":"Unauthorized request to path: /api/quiz","level":"error"}
{"message":"Unauthorized request to path: /api/quiz","level":"error"}
{"message":"Unauthorized request to path: /api/quiz","level":"error"}
{"message":"Unauthorized request to path: /api/quiz","level":"error"}
{"message":"Unauthorized request to path: /api/quiz","level":"error"}
{"message":"Unauthorized request to path: /api/quiz","level":"error"}
{"message":"Unauthorized request to path: /api/quiz","level":"error"}
{"message":"Unauthorized request to path: /api/quiz","level":"error"}
{"message":"Unauthorized request to path: /api/quiz","level":"error"}
{"message":"Unauthorized request to path: /api/quiz","level":"error"}
{"message":"Unauthorized request to path: /api/quiz","level":"error"}
{"message":"Unauthorized request to path: /api/quiz","level":"error"}
{"message":"Unauthorized request to path: /api/quiz","level":"error"}
{"message":"Unauthorized request to path: /api/quiz","level":"error"}
{"message":"Unauthorized request to path: /api/quiz","level":"error"}
{"message":"Unauthorized request to path: /api/quiz","level":"error"}
{"message":"Unauthorized request to path: /api/quiz","level":"error"}
{"message":"Unauthorized request to path: /api/quiz","level":"error"}
{"message":"Unauthorized request to path: /api/quiz","level":"error"}
{"message":"Unauthorized request to path: /api/quiz","level":"error"}
{"message":"Unauthorized request to path: /api/quiz","level":"error"}
{"message":"Unauthorized request to path: /api/quiz","level":"error"}
{"message":"Unauthorized request to path: /api/quiz","level":"error"}
{"message":"Unauthorized request to path: /api/quiz","level":"error"}
{"message":"Unauthorized request to path: /api/quiz","level":"error"}
{"message":"Unauthorized request to path: /api/quiz","level":"error"}
{"message":"Unauthorized request to path: /api/quiz","level":"error"}
{"message":"Unauthorized request to path: /api/quiz","level":"error"}
{"message":"Unauthorized request to path: /api/quiz","level":"error"}
{"message":"Unauthorized request to path: /api/quiz","level":"error"}
{"message":"Unauthorized request to path: /api/quiz","level":"error"}
{"message":"Unauthorized request to path: /api/quiz","level":"error"}
{"message":"Unauthorized request to path: /api/quiz","level":"error"}
{"message":"Unauthorized request to path: /api/quiz","level":"error"}
{"message":"Unauthorized request to path: /api/quiz","level":"error"}
{"message":"Unauthorized request to path: /api/quiz","level":"error"}
{"message":"Unauthorized request to path: /api/quiz","level":"error"}
{"message":"Unauthorized request to path: /api/quiz","level":"error"}
{"message":"Unauthorized request to path: /api/quiz","level":"error"}
{"message":"Unauthorized request to path: /api/quiz","level":"error"}
{"message":"Unauthorized request to path: /api/quiz","level":"error"}
{"message":"Unauthorized request to path: /api/quiz","level":"error"}
{"message":"Unauthorized request to path: /api/quiz","level":"error"}
{"message":"Unauthorized request to path: /api/quiz","level":"error"}
{"message":"Unauthorized request to path: /api/quiz","level":"error"}
{"message":"Unauthorized request to path: /api/quiz","level":"error"}
{"message":"Unauthorized request to path: /api/quiz","level":"error"}
{"message":"Unauthorized request to path: /api/quiz","level":"error"}
{"message":"Unauthorized request to path: /api/quiz","level":"error"}
{"message":"Unauthorized request to path: /api/quiz","level":"error"}
{"message":"Unauthorized request to path: /api/quiz","level":"error"}
{"message":"Unauthorized request to path: /api/quiz/key/f647a286-8aac-4e17-886f-96bcb9554b76","level":"error"}
{"message":"Unauthorized request to path: /api/questions/quiz/f647a286-8aac-4e17-886f-96bcb9554b76","level":"error"}
{"message":"Unauthorized request to path: /api/quiz","level":"error"}
{"message":"Unauthorized request to path: /api/quiz/key/f647a286-8aac-4e17-886f-96bcb9554b76","level":"error"}
{"message":"Unauthorized request to path: /api/questions/quiz/f647a286-8aac-4e17-886f-96bcb9554b76","level":"error"}
{"message":"Unauthorized request to path: /api/quiz","level":"error"}
{"message":"Unauthorized request to path: /api/quiz/key/f647a286-8aac-4e17-886f-96bcb9554b76","level":"error"}
{"message":"Unauthorized request to path: /api/questions/quiz/f647a286-8aac-4e17-886f-96bcb9554b76","level":"error"}
{"message":"Unauthorized request to path: /api/quiz/key/f647a286-8aac-4e17-886f-96bcb9554b76","level":"error"}
{"message":"Unauthorized request to path: /api/questions/quiz/f647a286-8aac-4e17-886f-96bcb9554b76","level":"error"}
{"message":"Unauthorized request to path: /api/quiz","level":"error"}
{"message":"Unauthorized request to path: /api/quiz/key/f647a286-8aac-4e17-886f-96bcb9554b76","level":"error"}
{"message":"Unauthorized request to path: /api/questions/quiz/f647a286-8aac-4e17-886f-96bcb9554b76","level":"error"}
{"message":"Unauthorized request to path: /api/quiz","level":"error"}
{"message":"Unauthorized request to path: /api/quiz/key/f647a286-8aac-4e17-886f-96bcb9554b76","level":"error"}
{"message":"Unauthorized request to path: /api/questions/quiz/f647a286-8aac-4e17-886f-96bcb9554b76","level":"error"}
{"message":"Unauthorized request to path: /api/quiz","level":"error"}
{"message":"Unauthorized request to path: /api/quiz/key/f647a286-8aac-4e17-886f-96bcb9554b76","level":"error"}
{"message":"Unauthorized request to path: /api/questions/quiz/f647a286-8aac-4e17-886f-96bcb9554b76","level":"error"}
{"message":"Unauthorized request to path: /api/quiz","level":"error"}
{"message":"Unauthorized request to path: /api/quiz/key/f647a286-8aac-4e17-886f-96bcb9554b76","level":"error"}
{"message":"Unauthorized request to path: /api/questions/quiz/f647a286-8aac-4e17-886f-96bcb9554b76","level":"error"}
{"message":"Unauthorized request to path: /api/quiz","level":"error"}
{"message":"Unauthorized request to path: /api/quiz","level":"error"}
{"message":"Unauthorized request to path: /api/quiz","level":"error"}
{"message":"Unauthorized request to path: /api/quiz","level":"error"}
{"message":"Unauthorized request to path: /api/quiz","level":"error"}
{"message":"Unauthorized request to path: /api/quiz","level":"error"}
{"message":"Unauthorized request to path: /api/quiz","level":"error"}
{"message":"Unauthorized request to path: /api/quiz","level":"error"}
{"message":"Unauthorized request to path: /api/quiz","level":"error"}
{"message":"Unauthorized request to path: /api/quiz","level":"error"}
